The working directory has been defined as /bicoh/MARGenomics/20250326_MFito_smallRNAseq/Analysis.
The batch that is now being processed is /.
Computing the number of bp per line... /n
reading file iMUDI097_S97_R1_001.fastq.gz.txt
reading file iMUDI098_S98_R1_001.fastq.gz.txt
reading file iMUDI099_S99_R1_001.fastq.gz.txt
reading file iMUDI100_S100_R1_001.fastq.gz.txt
reading file iMUDI101_S101_R1_001.fastq.gz.txt
reading file iMUDI102_S102_R1_001.fastq.gz.txt
reading file iMUDI103_S103_R1_001.fastq.gz.txt
reading file iMUDI104_S104_R1_001.fastq.gz.txt
reading file iMUDI105_S105_R1_001.fastq.gz.txt
reading file iMUDI106_S106_R1_001.fastq.gz.txt
reading file iMUDI107_S107_R1_001.fastq.gz.txt
reading file iMUDI108_S108_R1_001.fastq.gz.txt
reading file iMUDI109_S109_R1_001.fastq.gz.txt
reading file iMUDI110_S110_R1_001.fastq.gz.txt
reading file iMUDI111_S111_R1_001.fastq.gz.txt
reading file iMUDI112_S112_R1_001.fastq.gz.txt
reading file iMUDI113_S113_R1_001.fastq.gz.txt
reading file iMUDI114_S114_R1_001.fastq.gz.txt
reading file iMUDI115_S115_R1_001.fastq.gz.txt
reading file iMUDI116_S116_R1_001.fastq.gz.txt
reading file iMUDI117_S117_R1_001.fastq.gz.txt
reading file iMUDI118_S118_R1_001.fastq.gz.txt
reading file iMUDI119_S119_R1_001.fastq.gz.txt
reading file iMUDI120_S120_R1_001.fastq.gz.txt
reading file iMUDI121_S121_R1_001.fastq.gz.txt
reading file iMUDI122_S122_R1_001.fastq.gz.txt
reading file iMUDI123_S123_R1_001.fastq.gz.txt
reading file iMUDI124_S124_R1_001.fastq.gz.txt
reading file iMUDI125_S125_R1_001.fastq.gz.txt
reading file iMUDI126_S126_R1_001.fastq.gz.txt
reading file iMUDI127_S127_R1_001.fastq.gz.txt
reading file iMUDI128_S128_R1_001.fastq.gz.txt
reading file iMUDI129_S129_R1_001.fastq.gz.txt
reading file iMUDI130_S130_R1_001.fastq.gz.txt
reading file iMUDI131_S131_R1_001.fastq.gz.txt
reading file iMUDI132_S132_R1_001.fastq.gz.txt
reading file iMUDI133_S133_R1_001.fastq.gz.txt
reading file iMUDI134_S134_R1_001.fastq.gz.txt
reading file iMUDI135_S135_R1_001.fastq.gz.txt
reading file iMUDI136_S136_R1_001.fastq.gz.txt
reading file iMUDI137_S137_R1_001.fastq.gz.txt
reading file iMUDI138_S138_R1_001.fastq.gz.txt
reading file iMUDI139_S139_R1_001.fastq.gz.txt
reading file iMUDI140_S140_R1_001.fastq.gz.txt
reading file iMUDI141_S141_R1_001.fastq.gz.txt
reading file iMUDI142_S142_R1_001.fastq.gz.txt
reading file iMUDI143_S143_R1_001.fastq.gz.txt
reading file iMUDI144_S144_R1_001.fastq.gz.txt
reading file iMUDI145_S145_R1_001.fastq.gz.txt
reading file iMUDI146_S146_R1_001.fastq.gz.txt
reading file iMUDI147_S147_R1_001.fastq.gz.txt
reading file iMUDI148_S148_R1_001.fastq.gz.txt
reading file iMUDI149_S149_R1_001.fastq.gz.txt
reading file iMUDI150_S150_R1_001.fastq.gz.txt
reading file iMUDI151_S151_R1_001.fastq.gz.txt
reading file iMUDI152_S152_R1_001.fastq.gz.txt
reading file iMUDI153_S153_R1_001.fastq.gz.txt
reading file iMUDI154_S154_R1_001.fastq.gz.txt
reading file iMUDI155_S155_R1_001.fastq.gz.txt
reading file iMUDI156_S156_R1_001.fastq.gz.txt
reading file iMUDI157_S157_R1_001.fastq.gz.txt
reading file iMUDI158_S158_R1_001.fastq.gz.txt
reading file iMUDI159_S159_R1_001.fastq.gz.txt
reading file iMUDI160_S160_R1_001.fastq.gz.txt
reading file iMUDI161_S161_R1_001.fastq.gz.txt
reading file iMUDI162_S162_R1_001.fastq.gz.txt
reading file iMUDI163_S163_R1_001.fastq.gz.txt
reading file iMUDI164_S164_R1_001.fastq.gz.txt
reading file iMUDI165_S165_R1_001.fastq.gz.txt
reading file iMUDI166_S166_R1_001.fastq.gz.txt
reading file iMUDI167_S167_R1_001.fastq.gz.txt
reading file iMUDI168_S168_R1_001.fastq.gz.txt
reading file iMUDI169_S169_R1_001.fastq.gz.txt
reading file iMUDI170_S170_R1_001.fastq.gz.txt
reading file iMUDI171_S171_R1_001.fastq.gz.txt
reading file iMUDI172_S172_R1_001.fastq.gz.txt
reading file iMUDI173_S173_R1_001.fastq.gz.txt
reading file iMUDI174_S174_R1_001.fastq.gz.txt
reading file iMUDI175_S175_R1_001.fastq.gz.txt
reading file iMUDI176_S176_R1_001.fastq.gz.txt
reading file iMUDI177_S177_R1_001.fastq.gz.txt
reading file iMUDI178_S178_R1_001.fastq.gz.txt
reading file iMUDI179_S179_R1_001.fastq.gz.txt
reading file iMUDI180_S180_R1_001.fastq.gz.txt
reading file iMUDI181_S181_R1_001.fastq.gz.txt
reading file iMUDI182_S182_R1_001.fastq.gz.txt
reading file iMUDI183_S183_R1_001.fastq.gz.txt
reading file iMUDI184_S184_R1_001.fastq.gz.txt
reading file iMUDI185_S185_R1_001.fastq.gz.txt
reading file iMUDI186_S186_R1_001.fastq.gz.txt
reading file iMUDI187_S187_R1_001.fastq.gz.txt
reading file iMUDI188_S188_R1_001.fastq.gz.txt
reading file iMUDI189_S189_R1_001.fastq.gz.txt
reading file iMUDI191_S191_R1_001.fastq.gz.txt
reading file iMUDI192_S192_R1_001.fastq.gz.txt
reading file iMUDI193_S1_R1_001.fastq.gz.txt
reading file iMUDI194_S2_R1_001.fastq.gz.txt
reading file iMUDI195_S3_R1_001.fastq.gz.txt
reading file iMUDI196_S4_R1_001.fastq.gz.txt
reading file iMUDI197_S5_R1_001.fastq.gz.txt
reading file iMUDI198_S6_R1_001.fastq.gz.txt
reading file iMUDI199_S7_R1_001.fastq.gz.txt
reading file iMUDI200_S8_R1_001.fastq.gz.txt
reading file iMUDI201_S9_R1_001.fastq.gz.txt
reading file iMUDI202_S10_R1_001.fastq.gz.txt
reading file iMUDI203_S11_R1_001.fastq.gz.txt
reading file iMUDI204_S12_R1_001.fastq.gz.txt
reading file iMUDI205_S13_R1_001.fastq.gz.txt
reading file iMUDI206_S14_R1_001.fastq.gz.txt
reading file iMUDI207_S15_R1_001.fastq.gz.txt
reading file iMUDI208_S16_R1_001.fastq.gz.txt
reading file iMUDI210_S18_R1_001.fastq.gz.txt
reading file iMUDI211_S19_R1_001.fastq.gz.txt
reading file iMUDI212_S20_R1_001.fastq.gz.txt
reading file iMUDI213_S21_R1_001.fastq.gz.txt
reading file iMUDI214_S22_R1_001.fastq.gz.txt
reading file iMUDI215_S23_R1_001.fastq.gz.txt
reading file iMUDI217_S25_R1_001.fastq.gz.txt
reading file iMUDI218_S26_R1_001.fastq.gz.txt
reading file iMUDI219_S27_R1_001.fastq.gz.txt
reading file iMUDI220_S28_R1_001.fastq.gz.txt
reading file iMUDI221_S29_R1_001.fastq.gz.txt
reading file iMUDI222_S30_R1_001.fastq.gz.txt
reading file iMUDI223_S31_R1_001.fastq.gz.txt
reading file iMUDI224_S32_R1_001.fastq.gz.txt
reading file iMUDI225_S33_R1_001.fastq.gz.txt
reading file iMUDI226_S34_R1_001.fastq.gz.txt
reading file iMUDI227_S35_R1_001.fastq.gz.txt
reading file iMUDI228_S36_R1_001.fastq.gz.txt
reading file iMUDI229_S37_R1_001.fastq.gz.txt
reading file iMUDI230_S38_R1_001.fastq.gz.txt
reading file iMUDI231_S39_R1_001.fastq.gz.txt
reading file iMUDI232_S40_R1_001.fastq.gz.txt
reading file iMUDI233_S41_R1_001.fastq.gz.txt
reading file iMUDI234_S42_R1_001.fastq.gz.txt
reading file iMUDI235_S43_R1_001.fastq.gz.txt
reading file iMUDI236_S44_R1_001.fastq.gz.txt
reading file iMUDI237_S45_R1_001.fastq.gz.txt
reading file iMUDI238_S46_R1_001.fastq.gz.txt
reading file iMUDI239_S47_R1_001.fastq.gz.txt
reading file iMUDI240_S48_R1_001.fastq.gz.txt
reading file iMUDI241_S49_R1_001.fastq.gz.txt
reading file iMUDI242_S50_R1_001.fastq.gz.txt
reading file iMUDI243_S51_R1_001.fastq.gz.txt
reading file iMUDI244_S52_R1_001.fastq.gz.txt
reading file iMUDI245_S53_R1_001.fastq.gz.txt
reading file iMUDI246_S54_R1_001.fastq.gz.txt
reading file iMUDI247_S55_R1_001.fastq.gz.txt
reading file iMUDI248_S56_R1_001.fastq.gz.txt
reading file iMUDI249_S57_R1_001.fastq.gz.txt
reading file iMUDI250_S58_R1_001.fastq.gz.txt
reading file iMUDI251_S59_R1_001.fastq.gz.txt
reading file iMUDI252_S60_R1_001.fastq.gz.txt
reading file iMUDI253_S61_R1_001.fastq.gz.txt
reading file iMUDI254_S62_R1_001.fastq.gz.txt
reading file iMUDI255_S63_R1_001.fastq.gz.txt
reading file iMUDI256_S64_R1_001.fastq.gz.txt
reading file iMUDI257_S65_R1_001.fastq.gz.txt
reading file iMUDI258_S66_R1_001.fastq.gz.txt
reading file iMUDI259_S67_R1_001.fastq.gz.txt
reading file iMUDI260_S68_R1_001.fastq.gz.txt
reading file iMUDI261_S69_R1_001.fastq.gz.txt
reading file iMUDI262_S70_R1_001.fastq.gz.txt
reading file iMUDI263_S71_R1_001.fastq.gz.txt
reading file iMUDI264_S72_R1_001.fastq.gz.txt
reading file iMUDI265_S73_R1_001.fastq.gz.txt
reading file iMUDI266_S74_R1_001.fastq.gz.txt
reading file iMUDI267_S75_R1_001.fastq.gz.txt
reading file iMUDI268_S76_R1_001.fastq.gz.txt
reading file iMUDI269_S77_R1_001.fastq.gz.txt
reading file iMUDI270_S78_R1_001.fastq.gz.txt
reading file iMUDI271_S79_R1_001.fastq.gz.txt
reading file iMUDI272_S80_R1_001.fastq.gz.txt
reading file iMUDI273_S81_R1_001.fastq.gz.txt
reading file iMUDI274_S82_R1_001.fastq.gz.txt
reading file iMUDI275_S83_R1_001.fastq.gz.txt
reading file iMUDI276_S84_R1_001.fastq.gz.txt
reading file iMUDI277_S85_R1_001.fastq.gz.txt
reading file iMUDI278_S86_R1_001.fastq.gz.txt
reading file iMUDI279_S87_R1_001.fastq.gz.txt
reading file iMUDI280_S88_R1_001.fastq.gz.txt
reading file iMUDI281_S89_R1_001.fastq.gz.txt
reading file iMUDI282_S90_R1_001.fastq.gz.txt
reading file iMUDI283_S91_R1_001.fastq.gz.txt
reading file iMUDI284_S92_R1_001.fastq.gz.txt
reading file iMUDI285_S93_R1_001.fastq.gz.txt
reading file iMUDI286_S94_R1_001.fastq.gz.txt
reading file iMUDI287_S95_R1_001.fastq.gz.txt
reading file iMUDI288_S96_R1_001.fastq.gz.txt
reading file iMUDI770_S190_R1_001.fastq.gz.txt
Saving length of the read... /n
Getting length distribution... /n
