mkdir: cannot create directory ‘/bicoh/MARGenomics/20250326_MFito_smallRNAseq/QC///FastqScreen’: File exists
Using fastq_screen v0.14.1
Reading configuration from '/bicoh/MARGenomics/AnalysisFiles/Index_Genomes_Bowtie2/fastq_screen.conf'
Aligner (--aligner) not specified, but Bowtie2 path and index files found: mapping with Bowtie2
Adding database Human
Adding database Mouse
Adding database Yeast
Adding database Ecoli
Adding database RibosomalMouse
Adding database RibosomalHuman
Adding database GlobinHuman
Adding database RibosomalEuk_other
Adding database RibosomalProk
Adding database MT
Adding database PhiX
Adding database Lambda
Adding database Vectors
Adding database Adapters
Using 6 threads for searches
Option --subset set to 100000 reads
Processing iMUDI216_S24_R1_001.fastq.gz
Failed to calculate read length from iMUDI216_S24_R1_001.fastq.gz
Processing complete
